2025-01-25 18:37:48.2617 Debug Message Template Auto Format enabled
2025-01-25 18:37:48.2704 Info Loading assembly name: NLog.Extended
2025-01-25 18:37:48.2704 Trace Try find 'NLog.Extended' in current domain
2025-01-25 18:37:48.2704 Trace Haven't found' 'NLog.Extended' in current domain
2025-01-25 18:37:48.2704 Error Error has been raised. Exception: NLog.NLogConfigurationException: Error loading extensions: NLog.Extended
 ---> System.IO.FileNotFoundException: Could not load file or assembly 'NLog.Extended, Culture=neutral, PublicKeyToken=null'. The system cannot find the file specified.
File name: 'NLog.Extended, Culture=neutral, PublicKeyToken=null'
   at System.Reflection.RuntimeAssembly.InternalLoad(AssemblyName assemblyName, StackCrawlMark& stackMark, AssemblyLoadContext assemblyLoadContext, RuntimeAssembly requestingAssembly, Boolean throwOnFileNotFound)
   at System.Reflection.Assembly.Load(String assemblyString)
   at NLog.Config.AssemblyExtensionLoader.LoadAssemblyFromName(String assemblyName)
   at NLog.Config.AssemblyExtensionLoader.LoadAssemblyFromName(ConfigurationItemFactory factory, String assemblyName, String itemNamePrefix)
   at NLog.Config.LoggingConfigurationParser.ParseExtensionWithAssemblyName(String assemblyName, String prefix)
   --- End of inner exception stack trace ---
2025-01-25 18:37:48.2902 Error Exception when loading configuration D:\University\University\HealthCardApi\HealthCardApi\bin\Debug\net8.0\nlog.config Exception: NLog.NLogConfigurationException: Error loading extensions: NLog.Extended
 ---> System.IO.FileNotFoundException: Could not load file or assembly 'NLog.Extended, Culture=neutral, PublicKeyToken=null'. The system cannot find the file specified.
File name: 'NLog.Extended, Culture=neutral, PublicKeyToken=null'
   at System.Reflection.RuntimeAssembly.InternalLoad(AssemblyName assemblyName, StackCrawlMark& stackMark, AssemblyLoadContext assemblyLoadContext, RuntimeAssembly requestingAssembly, Boolean throwOnFileNotFound)
   at System.Reflection.Assembly.Load(String assemblyString)
   at NLog.Config.AssemblyExtensionLoader.LoadAssemblyFromName(String assemblyName)
   at NLog.Config.AssemblyExtensionLoader.LoadAssemblyFromName(ConfigurationItemFactory factory, String assemblyName, String itemNamePrefix)
   at NLog.Config.LoggingConfigurationParser.ParseExtensionWithAssemblyName(String assemblyName, String prefix)
   --- End of inner exception stack trace ---
   at NLog.Config.LoggingConfigurationParser.ParseExtensionWithAssemblyName(String assemblyName, String prefix)
   at NLog.Config.LoggingConfigurationParser.ParseExtensionsElement(ValidatedConfigurationElement extensionsElement, String baseDirectory)
   at NLog.Config.LoggingConfigurationParser.LoadConfig(ILoggingConfigurationElement nlogConfig, String basePath)
   at NLog.Config.XmlLoggingConfiguration.ParseNLogElement(ILoggingConfigurationElement nlogElement, String filePath, Boolean autoReloadDefault)
   at NLog.Config.XmlLoggingConfiguration.ParseTopLevel(XmlLoggingConfigurationElement content, String filePath, Boolean autoReloadDefault)
   at NLog.Config.XmlLoggingConfiguration.Initialize(XmlReader reader, String fileName, Boolean ignoreErrors)
2025-01-25 18:37:48.2902 Error Error has been raised. Exception: NLog.NLogConfigurationException: Exception when loading configuration D:\University\University\HealthCardApi\HealthCardApi\bin\Debug\net8.0\nlog.config
 ---> NLog.NLogConfigurationException: Error loading extensions: NLog.Extended
 ---> System.IO.FileNotFoundException: Could not load file or assembly 'NLog.Extended, Culture=neutral, PublicKeyToken=null'. The system cannot find the file specified.
File name: 'NLog.Extended, Culture=neutral, PublicKeyToken=null'
   at System.Reflection.RuntimeAssembly.InternalLoad(AssemblyName assemblyName, StackCrawlMark& stackMark, AssemblyLoadContext assemblyLoadContext, RuntimeAssembly requestingAssembly, Boolean throwOnFileNotFound)
   at System.Reflection.Assembly.Load(String assemblyString)
   at NLog.Config.AssemblyExtensionLoader.LoadAssemblyFromName(String assemblyName)
   at NLog.Config.AssemblyExtensionLoader.LoadAssemblyFromName(ConfigurationItemFactory factory, String assemblyName, String itemNamePrefix)
   at NLog.Config.LoggingConfigurationParser.ParseExtensionWithAssemblyName(String assemblyName, String prefix)
   --- End of inner exception stack trace ---
   at NLog.Config.LoggingConfigurationParser.ParseExtensionWithAssemblyName(String assemblyName, String prefix)
   at NLog.Config.LoggingConfigurationParser.ParseExtensionsElement(ValidatedConfigurationElement extensionsElement, String baseDirectory)
   at NLog.Config.LoggingConfigurationParser.LoadConfig(ILoggingConfigurationElement nlogConfig, String basePath)
   at NLog.Config.XmlLoggingConfiguration.ParseNLogElement(ILoggingConfigurationElement nlogElement, String filePath, Boolean autoReloadDefault)
   at NLog.Config.XmlLoggingConfiguration.ParseTopLevel(XmlLoggingConfigurationElement content, String filePath, Boolean autoReloadDefault)
   at NLog.Config.XmlLoggingConfiguration.Initialize(XmlReader reader, String fileName, Boolean ignoreErrors)
   --- End of inner exception stack trace ---
   at NLog.Config.XmlLoggingConfiguration.Initialize(XmlReader reader, String fileName, Boolean ignoreErrors)
   at NLog.Config.XmlLoggingConfiguration..ctor(XmlReader reader, String fileName, LogFactory logFactory)
   at NLog.Config.LoggingConfigurationFileLoader.LoadXmlLoggingConfiguration(XmlReader xmlReader, String configFile, LogFactory logFactory)
2025-01-25 18:37:48.2902 Error Failed loading from config file location: D:\University\University\HealthCardApi\HealthCardApi\bin\Debug\net8.0\nlog.config Exception: NLog.NLogConfigurationException: Exception when loading configuration D:\University\University\HealthCardApi\HealthCardApi\bin\Debug\net8.0\nlog.config
 ---> NLog.NLogConfigurationException: Error loading extensions: NLog.Extended
 ---> System.IO.FileNotFoundException: Could not load file or assembly 'NLog.Extended, Culture=neutral, PublicKeyToken=null'. The system cannot find the file specified.
File name: 'NLog.Extended, Culture=neutral, PublicKeyToken=null'
   at System.Reflection.RuntimeAssembly.InternalLoad(AssemblyName assemblyName, StackCrawlMark& stackMark, AssemblyLoadContext assemblyLoadContext, RuntimeAssembly requestingAssembly, Boolean throwOnFileNotFound)
   at System.Reflection.Assembly.Load(String assemblyString)
   at NLog.Config.AssemblyExtensionLoader.LoadAssemblyFromName(String assemblyName)
   at NLog.Config.AssemblyExtensionLoader.LoadAssemblyFromName(ConfigurationItemFactory factory, String assemblyName, String itemNamePrefix)
   at NLog.Config.LoggingConfigurationParser.ParseExtensionWithAssemblyName(String assemblyName, String prefix)
   --- End of inner exception stack trace ---
   at NLog.Config.LoggingConfigurationParser.ParseExtensionWithAssemblyName(String assemblyName, String prefix)
   at NLog.Config.LoggingConfigurationParser.ParseExtensionsElement(ValidatedConfigurationElement extensionsElement, String baseDirectory)
   at NLog.Config.LoggingConfigurationParser.LoadConfig(ILoggingConfigurationElement nlogConfig, String basePath)
   at NLog.Config.XmlLoggingConfiguration.ParseNLogElement(ILoggingConfigurationElement nlogElement, String filePath, Boolean autoReloadDefault)
   at NLog.Config.XmlLoggingConfiguration.ParseTopLevel(XmlLoggingConfigurationElement content, String filePath, Boolean autoReloadDefault)
   at NLog.Config.XmlLoggingConfiguration.Initialize(XmlReader reader, String fileName, Boolean ignoreErrors)
   --- End of inner exception stack trace ---
   at NLog.Config.XmlLoggingConfiguration.Initialize(XmlReader reader, String fileName, Boolean ignoreErrors)
   at NLog.Config.XmlLoggingConfiguration..ctor(XmlReader reader, String fileName, LogFactory logFactory)
   at NLog.Config.LoggingConfigurationFileLoader.LoadXmlLoggingConfiguration(XmlReader xmlReader, String configFile, LogFactory logFactory)
   at NLog.Config.LoggingConfigurationFileLoader.LoadXmlLoggingConfigurationFile(LogFactory logFactory, String configFile)
   at NLog.Config.LoggingConfigurationFileLoader.TryLoadLoggingConfiguration(LogFactory logFactory, String configFile, LoggingConfiguration& config)
2025-01-25 18:38:28.7577 Debug Message Template Auto Format enabled
2025-01-25 18:38:28.7810 Trace FindReachableObject<NLog.Internal.IRenderable>:
2025-01-25 18:38:28.7810 Trace Scanning BaseDirLayoutRenderer 'Layout Renderer: ${basedir}'
2025-01-25 18:38:28.7810 Trace FindReachableObject<NLog.Internal.IRenderable>:
2025-01-25 18:38:28.7810 Trace Scanning DateLayoutRenderer 'Layout Renderer: ${date}'
2025-01-25 18:38:28.7810 Trace FindReachableObject<NLog.Internal.IRenderable>:
2025-01-25 18:38:28.7810 Trace Scanning LongDateLayoutRenderer 'Layout Renderer: ${longdate}'
2025-01-25 18:38:28.7810 Trace Wrapping NLog.LayoutRenderers.EventPropertiesLayoutRenderer with NLog.LayoutRenderers.Wrappers.WhenEmptyLayoutRendererWrapper
2025-01-25 18:38:28.7810 Trace FindReachableObject<NLog.Internal.IRenderable>:
2025-01-25 18:38:28.7810 Trace Scanning EventPropertiesLayoutRenderer 'Layout Renderer: ${event-properties}'
2025-01-25 18:38:28.7810 Trace FindReachableObject<NLog.Internal.IRenderable>:
2025-01-25 18:38:28.7810 Trace Scanning WhenEmptyLayoutRendererWrapper 'Layout Renderer: ${whenEmpty}'
2025-01-25 18:38:28.7810 Trace  Scanning Property WhenEmpty '0' NLog.Layouts.Layout
2025-01-25 18:38:28.7810 Trace  Scanning SimpleLayout '0'
2025-01-25 18:38:28.7810 Trace   Scanning Property LayoutRenderers 'NLog.LayoutRenderers.LayoutRenderer[]' System.Collections.Generic.IEnumerable`1[NLog.LayoutRenderers.LayoutRenderer]
2025-01-25 18:38:28.7886 Trace   Scanning LiteralLayoutRenderer 'Layout Renderer: ${literal}'
2025-01-25 18:38:28.7886 Trace  Scanning Property Inner 'SimpleLayout=Layout Renderer: ${event-properties}' NLog.Layouts.Layout
2025-01-25 18:38:28.7886 Trace  Scanning SimpleLayout 'SimpleLayout=Layout Renderer: ${event-properties}'
2025-01-25 18:38:28.7886 Trace   Scanning Property LayoutRenderers 'NLog.LayoutRenderers.LayoutRenderer[]' System.Collections.Generic.IEnumerable`1[NLog.LayoutRenderers.LayoutRenderer]
2025-01-25 18:38:28.7886 Trace   Scanning EventPropertiesLayoutRenderer 'Layout Renderer: ${event-properties}'
2025-01-25 18:38:28.7886 Trace FindReachableObject<NLog.Internal.IRenderable>:
2025-01-25 18:38:28.7886 Trace Scanning LevelLayoutRenderer 'Layout Renderer: ${level}'
2025-01-25 18:38:28.7886 Trace FindReachableObject<NLog.Internal.IRenderable>:
2025-01-25 18:38:28.7886 Trace Scanning LoggerNameLayoutRenderer 'Layout Renderer: ${loggername}'
2025-01-25 18:38:28.7886 Trace FindReachableObject<NLog.Internal.IRenderable>:
2025-01-25 18:38:28.7886 Trace Scanning MessageLayoutRenderer 'Layout Renderer: ${message}'
2025-01-25 18:38:28.7886 Trace FindReachableObject<NLog.Internal.IRenderable>:
2025-01-25 18:38:28.7886 Trace Scanning ExceptionLayoutRenderer 'Layout Renderer: ${exception}'
2025-01-25 18:38:28.7886 Trace  Scanning Property Formats 'System.Collections.Generic.List`1[NLog.Config.ExceptionRenderingFormat]' System.Collections.Generic.List`1[NLog.Config.ExceptionRenderingFormat]
2025-01-25 18:38:28.7886 Debug Adding target NLog.Targets.FileTarget(Name=logfile)
2025-01-25 18:38:28.7886 Info Registered target NLog.Targets.FileTarget(Name=logfile)
2025-01-25 18:38:28.7886 Trace ParseRulesElement
2025-01-25 18:38:28.7886 Info NLog, Version=5.0.0.0, Culture=neutral, PublicKeyToken=5120e14c03d0593c. File version: 5.3.4.2778. Product version: 5.3.4+73d83d3161d31288ca5c554cc50d27b6bed5f28b. GlobalAssemblyCache: False
2025-01-25 18:38:28.7886 Debug Start watching file-filter 'nlog.config' in directory: D:\University\University\HealthCardApi\HealthCardApi\bin\Debug\net8.0
2025-01-25 18:38:28.7886 Debug --- NLog configuration dump ---
2025-01-25 18:38:28.7886 Debug Targets:
2025-01-25 18:38:28.7886 Debug FileTarget(Name=logfile)
2025-01-25 18:38:28.7886 Debug Rules:
2025-01-25 18:38:28.8052 Debug logNamePattern: (:All) levels: [ Trace Debug Info Warn Error Fatal ] writeTo: [ logfile ]
2025-01-25 18:38:28.8052 Debug --- End of NLog configuration dump ---
2025-01-25 18:38:28.8052 Trace FindReachableObject<System.Object>:
2025-01-25 18:38:28.8052 Trace Scanning LoggingRule 'logNamePattern: (:All) levels: [ Trace Debug Info Warn Error Fatal ] writeTo: [ logfile ]'
2025-01-25 18:38:28.8052 Trace  Scanning Property Targets 'System.Collections.Generic.List`1[NLog.Targets.Target]' System.Collections.Generic.IList`1[NLog.Targets.Target]
2025-01-25 18:38:28.8052 Trace  Scanning FileTarget 'FileTarget(Name=logfile)'
2025-01-25 18:38:28.8052 Trace   Scanning Property FileName '${basedir}/logs/nlog-${date:format=yyyy-MM-dd}.log' NLog.Layouts.Layout
2025-01-25 18:38:28.8052 Trace   Scanning SimpleLayout '${basedir}/logs/nlog-${date:format=yyyy-MM-dd}.log'
2025-01-25 18:38:28.8052 Trace    Scanning Property LayoutRenderers 'NLog.LayoutRenderers.LayoutRenderer[]' System.Collections.Generic.IEnumerable`1[NLog.LayoutRenderers.LayoutRenderer]
2025-01-25 18:38:28.8052 Trace    Scanning LiteralLayoutRenderer 'Layout Renderer: ${literal}'
2025-01-25 18:38:28.8052 Trace    Scanning DateLayoutRenderer 'Layout Renderer: ${date}'
2025-01-25 18:38:28.8052 Trace    Scanning LiteralLayoutRenderer 'Layout Renderer: ${literal}'
2025-01-25 18:38:28.8052 Trace   Scanning Property Layout '${longdate}|${event-properties:item=EventId_Id:whenEmpty=0}|${level:uppercase=true}|${logger}|${message} ${exception:format=tostring}' NLog.Layouts.Layout
2025-01-25 18:38:28.8052 Trace   Scanning SimpleLayout '${longdate}|${event-properties:item=EventId_Id:whenEmpty=0}|${level:uppercase=true}|${logger}|${message} ${exception:format=tostring}'
2025-01-25 18:38:28.8052 Trace    Scanning Property LayoutRenderers 'NLog.LayoutRenderers.LayoutRenderer[]' System.Collections.Generic.IEnumerable`1[NLog.LayoutRenderers.LayoutRenderer]
2025-01-25 18:38:28.8052 Trace    Scanning LongDateLayoutRenderer 'Layout Renderer: ${longdate}'
2025-01-25 18:38:28.8052 Trace    Scanning LiteralLayoutRenderer 'Layout Renderer: ${literal}'
2025-01-25 18:38:28.8052 Trace    Scanning WhenEmptyLayoutRendererWrapper 'Layout Renderer: ${whenEmpty}'
2025-01-25 18:38:28.8052 Trace     Scanning Property WhenEmpty '0' NLog.Layouts.Layout
2025-01-25 18:38:28.8052 Trace     Scanning SimpleLayout '0'
2025-01-25 18:38:28.8052 Trace      Scanning Property LayoutRenderers 'NLog.LayoutRenderers.LayoutRenderer[]' System.Collections.Generic.IEnumerable`1[NLog.LayoutRenderers.LayoutRenderer]
2025-01-25 18:38:28.8052 Trace      Scanning LiteralLayoutRenderer 'Layout Renderer: ${literal}'
2025-01-25 18:38:28.8052 Trace     Scanning Property Inner 'SimpleLayout=Layout Renderer: ${event-properties}' NLog.Layouts.Layout
2025-01-25 18:38:28.8052 Trace     Scanning SimpleLayout 'SimpleLayout=Layout Renderer: ${event-properties}'
2025-01-25 18:38:28.8052 Trace      Scanning Property LayoutRenderers 'NLog.LayoutRenderers.LayoutRenderer[]' System.Collections.Generic.IEnumerable`1[NLog.LayoutRenderers.LayoutRenderer]
2025-01-25 18:38:28.8052 Trace      Scanning EventPropertiesLayoutRenderer 'Layout Renderer: ${event-properties}'
2025-01-25 18:38:28.8052 Trace    Scanning LiteralLayoutRenderer 'Layout Renderer: ${literal}'
2025-01-25 18:38:28.8052 Trace    Scanning LevelLayoutRenderer 'Layout Renderer: ${level}'
2025-01-25 18:38:28.8052 Trace    Scanning LiteralLayoutRenderer 'Layout Renderer: ${literal}'
2025-01-25 18:38:28.8052 Trace    Scanning LoggerNameLayoutRenderer 'Layout Renderer: ${loggername}'
2025-01-25 18:38:28.8052 Trace    Scanning LiteralLayoutRenderer 'Layout Renderer: ${literal}'
2025-01-25 18:38:28.8052 Trace    Scanning MessageLayoutRenderer 'Layout Renderer: ${message}'
2025-01-25 18:38:28.8052 Trace    Scanning LiteralLayoutRenderer 'Layout Renderer: ${literal}'
2025-01-25 18:38:28.8052 Trace    Scanning ExceptionLayoutRenderer 'Layout Renderer: ${exception}'
2025-01-25 18:38:28.8052 Trace     Scanning Property Formats 'System.Collections.Generic.List`1[NLog.Config.ExceptionRenderingFormat]' System.Collections.Generic.List`1[NLog.Config.ExceptionRenderingFormat]
2025-01-25 18:38:28.8052 Trace  Scanning Property ChildRules 'System.Collections.Generic.List`1[NLog.Config.LoggingRule]' System.Collections.Generic.IList`1[NLog.Config.LoggingRule]
2025-01-25 18:38:28.8052 Trace  Scanning Property Filters 'System.Collections.Generic.List`1[NLog.Filters.Filter]' System.Collections.Generic.IList`1[NLog.Filters.Filter]
2025-01-25 18:38:28.8052 Info Validating config: TargetNames=logfile, ConfigItems=22, FilePath=D:\University\University\HealthCardApi\HealthCardApi\bin\Debug\net8.0\nlog.config
2025-01-25 18:38:28.8052 Debug Unused target checking is started... Rule Count: 1, Target Count: 1
2025-01-25 18:38:28.8052 Debug Unused target checking is completed. Total Rule Count: 1, Total Target Count: 1, Unused Target Count: 0
2025-01-25 18:38:28.8052 Trace Initializing Layout Renderer: ${exception}
2025-01-25 18:38:28.8052 Trace Initializing Layout Renderer: ${literal}
2025-01-25 18:38:28.8052 Trace Initializing Layout Renderer: ${message}
2025-01-25 18:38:28.8052 Trace Initializing Layout Renderer: ${literal}
2025-01-25 18:38:28.8052 Trace Initializing Layout Renderer: ${loggername}
2025-01-25 18:38:28.8052 Trace Initializing Layout Renderer: ${literal}
2025-01-25 18:38:28.8052 Trace Initializing Layout Renderer: ${level}
2025-01-25 18:38:28.8052 Trace Initializing Layout Renderer: ${literal}
2025-01-25 18:38:28.8052 Trace Initializing Layout Renderer: ${event-properties}
2025-01-25 18:38:28.8052 Trace Initializing SimpleLayout=Layout Renderer: ${event-properties}
2025-01-25 18:38:28.8052 Trace FindReachableObject<NLog.Internal.IRenderable>:
2025-01-25 18:38:28.8052 Trace Scanning SimpleLayout 'SimpleLayout=Layout Renderer: ${event-properties}'
2025-01-25 18:38:28.8052 Trace  Scanning Property LayoutRenderers 'NLog.LayoutRenderers.LayoutRenderer[]' System.Collections.Generic.IEnumerable`1[NLog.LayoutRenderers.LayoutRenderer]
2025-01-25 18:38:28.8052 Trace  Scanning EventPropertiesLayoutRenderer 'Layout Renderer: ${event-properties}'
2025-01-25 18:38:28.8199 Trace Initializing Layout Renderer: ${literal}
2025-01-25 18:38:28.8199 Trace Initializing 0
2025-01-25 18:38:28.8199 Trace FindReachableObject<NLog.Internal.IRenderable>:
2025-01-25 18:38:28.8199 Trace Scanning SimpleLayout '0'
2025-01-25 18:38:28.8199 Trace  Scanning Property LayoutRenderers 'NLog.LayoutRenderers.LayoutRenderer[]' System.Collections.Generic.IEnumerable`1[NLog.LayoutRenderers.LayoutRenderer]
2025-01-25 18:38:28.8199 Trace  Scanning LiteralLayoutRenderer 'Layout Renderer: ${literal}'
2025-01-25 18:38:28.8199 Trace Initializing Layout Renderer: ${whenEmpty}
2025-01-25 18:38:28.8199 Trace Initializing Layout Renderer: ${literal}
2025-01-25 18:38:28.8199 Trace Initializing Layout Renderer: ${longdate}
2025-01-25 18:38:28.8199 Trace Initializing ${longdate}|${event-properties:item=EventId_Id:whenEmpty=0}|${level:uppercase=true}|${logger}|${message} ${exception:format=tostring}
2025-01-25 18:38:28.8199 Trace FindReachableObject<NLog.Internal.IRenderable>:
2025-01-25 18:38:28.8199 Trace Scanning SimpleLayout '${longdate}|${event-properties:item=EventId_Id:whenEmpty=0}|${level:uppercase=true}|${logger}|${message} ${exception:format=tostring}'
2025-01-25 18:38:28.8199 Trace  Scanning Property LayoutRenderers 'NLog.LayoutRenderers.LayoutRenderer[]' System.Collections.Generic.IEnumerable`1[NLog.LayoutRenderers.LayoutRenderer]
2025-01-25 18:38:28.8199 Trace  Scanning LongDateLayoutRenderer 'Layout Renderer: ${longdate}'
2025-01-25 18:38:28.8199 Trace  Scanning LiteralLayoutRenderer 'Layout Renderer: ${literal}'
2025-01-25 18:38:28.8199 Trace  Scanning WhenEmptyLayoutRendererWrapper 'Layout Renderer: ${whenEmpty}'
2025-01-25 18:38:28.8199 Trace   Scanning Property WhenEmpty '0' NLog.Layouts.Layout
2025-01-25 18:38:28.8199 Trace   Scanning SimpleLayout '0'
2025-01-25 18:38:28.8199 Trace    Scanning Property LayoutRenderers 'NLog.LayoutRenderers.LayoutRenderer[]' System.Collections.Generic.IEnumerable`1[NLog.LayoutRenderers.LayoutRenderer]
2025-01-25 18:38:28.8199 Trace    Scanning LiteralLayoutRenderer 'Layout Renderer: ${literal}'
2025-01-25 18:38:28.8199 Trace   Scanning Property Inner 'SimpleLayout=Layout Renderer: ${event-properties}' NLog.Layouts.Layout
2025-01-25 18:38:28.8199 Trace   Scanning SimpleLayout 'SimpleLayout=Layout Renderer: ${event-properties}'
2025-01-25 18:38:28.8199 Trace    Scanning Property LayoutRenderers 'NLog.LayoutRenderers.LayoutRenderer[]' System.Collections.Generic.IEnumerable`1[NLog.LayoutRenderers.LayoutRenderer]
2025-01-25 18:38:28.8199 Trace    Scanning EventPropertiesLayoutRenderer 'Layout Renderer: ${event-properties}'
2025-01-25 18:38:28.8199 Trace  Scanning LiteralLayoutRenderer 'Layout Renderer: ${literal}'
2025-01-25 18:38:28.8199 Trace  Scanning LevelLayoutRenderer 'Layout Renderer: ${level}'
2025-01-25 18:38:28.8199 Trace  Scanning LiteralLayoutRenderer 'Layout Renderer: ${literal}'
2025-01-25 18:38:28.8199 Trace  Scanning LoggerNameLayoutRenderer 'Layout Renderer: ${loggername}'
2025-01-25 18:38:28.8199 Trace  Scanning LiteralLayoutRenderer 'Layout Renderer: ${literal}'
2025-01-25 18:38:28.8199 Trace  Scanning MessageLayoutRenderer 'Layout Renderer: ${message}'
2025-01-25 18:38:28.8199 Trace  Scanning LiteralLayoutRenderer 'Layout Renderer: ${literal}'
2025-01-25 18:38:28.8199 Trace  Scanning ExceptionLayoutRenderer 'Layout Renderer: ${exception}'
2025-01-25 18:38:28.8199 Trace   Scanning Property Formats 'System.Collections.Generic.List`1[NLog.Config.ExceptionRenderingFormat]' System.Collections.Generic.List`1[NLog.Config.ExceptionRenderingFormat]
2025-01-25 18:38:28.8199 Trace Initializing Layout Renderer: ${literal}
2025-01-25 18:38:28.8199 Trace Initializing Layout Renderer: ${date}
2025-01-25 18:38:28.8199 Trace Initializing Layout Renderer: ${literal}
2025-01-25 18:38:28.8199 Trace Initializing ${basedir}/logs/nlog-${date:format=yyyy-MM-dd}.log
2025-01-25 18:38:28.8199 Trace FindReachableObject<NLog.Internal.IRenderable>:
2025-01-25 18:38:28.8199 Trace Scanning SimpleLayout '${basedir}/logs/nlog-${date:format=yyyy-MM-dd}.log'
2025-01-25 18:38:28.8199 Trace  Scanning Property LayoutRenderers 'NLog.LayoutRenderers.LayoutRenderer[]' System.Collections.Generic.IEnumerable`1[NLog.LayoutRenderers.LayoutRenderer]
2025-01-25 18:38:28.8199 Trace  Scanning LiteralLayoutRenderer 'Layout Renderer: ${literal}'
2025-01-25 18:38:28.8199 Trace  Scanning DateLayoutRenderer 'Layout Renderer: ${date}'
2025-01-25 18:38:28.8199 Trace  Scanning LiteralLayoutRenderer 'Layout Renderer: ${literal}'
2025-01-25 18:38:28.8199 Trace Initializing FileTarget(Name=logfile)
2025-01-25 18:38:28.8199 Trace FindReachableObject<NLog.Layouts.Layout>:
2025-01-25 18:38:28.8199 Trace Scanning FileTarget 'FileTarget(Name=logfile)'
2025-01-25 18:38:28.8199 Trace  Scanning Property FileName '${basedir}/logs/nlog-${date:format=yyyy-MM-dd}.log' NLog.Layouts.Layout
2025-01-25 18:38:28.8199 Trace  Scanning Property Layout '${longdate}|${event-properties:item=EventId_Id:whenEmpty=0}|${level:uppercase=true}|${logger}|${message} ${exception:format=tostring}' NLog.Layouts.Layout
2025-01-25 18:38:28.8199 Trace FileTarget(Name=logfile) has 2 layouts
2025-01-25 18:38:28.8199 Trace FileTarget(Name=logfile): Using appenderFactory: NLog.Internal.FileAppenders.SingleProcessFileAppender+Factory
2025-01-25 18:38:28.8199 Info Configuration initialized.
2025-01-25 18:38:28.8199 Debug Targets configured when LogLevel >= Trace for Logger: HealthCardApi.Program
2025-01-25 18:38:28.8199 Debug Logger HealthCardApi.Program [Trace] => logfile
2025-01-25 18:38:28.8199 Debug Logger HealthCardApi.Program [Debug] => logfile
2025-01-25 18:38:28.8199 Debug Logger HealthCardApi.Program [Info] => logfile
2025-01-25 18:38:28.8199 Debug Logger HealthCardApi.Program [Warn] => logfile
2025-01-25 18:38:28.8199 Debug Logger HealthCardApi.Program [Error] => logfile
2025-01-25 18:38:28.8199 Debug Logger HealthCardApi.Program [Fatal] => logfile
2025-01-25 18:38:29.2812 Debug Skip loading NLogLoggingConfiguration from empty config section: NLog
2025-01-25 18:38:29.2908 Debug Targets configured when LogLevel >= Trace for Logger: Microsoft.Extensions.Hosting.Internal.ApplicationLifetime
2025-01-25 18:38:29.2908 Debug Logger Microsoft.Extensions.Hosting.Internal.ApplicationLifetime [Trace] => logfile
2025-01-25 18:38:29.2908 Debug Logger Microsoft.Extensions.Hosting.Internal.ApplicationLifetime [Debug] => logfile
2025-01-25 18:38:29.2908 Debug Logger Microsoft.Extensions.Hosting.Internal.ApplicationLifetime [Info] => logfile
2025-01-25 18:38:29.2908 Debug Logger Microsoft.Extensions.Hosting.Internal.ApplicationLifetime [Warn] => logfile
2025-01-25 18:38:29.2908 Debug Logger Microsoft.Extensions.Hosting.Internal.ApplicationLifetime [Error] => logfile
2025-01-25 18:38:29.2908 Debug Logger Microsoft.Extensions.Hosting.Internal.ApplicationLifetime [Fatal] => logfile
2025-01-25 18:38:29.2908 Debug Targets configured when LogLevel >= Trace for Logger: Microsoft.Extensions.Hosting.Internal.Host
2025-01-25 18:38:29.2908 Debug Logger Microsoft.Extensions.Hosting.Internal.Host [Trace] => logfile
2025-01-25 18:38:29.2908 Debug Logger Microsoft.Extensions.Hosting.Internal.Host [Debug] => logfile
2025-01-25 18:38:29.2908 Debug Logger Microsoft.Extensions.Hosting.Internal.Host [Info] => logfile
2025-01-25 18:38:29.2908 Debug Logger Microsoft.Extensions.Hosting.Internal.Host [Warn] => logfile
2025-01-25 18:38:29.2908 Debug Logger Microsoft.Extensions.Hosting.Internal.Host [Error] => logfile
2025-01-25 18:38:29.2908 Debug Logger Microsoft.Extensions.Hosting.Internal.Host [Fatal] => logfile
2025-01-25 18:38:29.2908 Debug Targets configured when LogLevel >= Trace for Logger: Microsoft.Hosting.Lifetime
2025-01-25 18:38:29.2908 Debug Logger Microsoft.Hosting.Lifetime [Trace] => logfile
2025-01-25 18:38:29.2908 Debug Logger Microsoft.Hosting.Lifetime [Debug] => logfile
2025-01-25 18:38:29.2908 Debug Logger Microsoft.Hosting.Lifetime [Info] => logfile
2025-01-25 18:38:29.2908 Debug Logger Microsoft.Hosting.Lifetime [Warn] => logfile
2025-01-25 18:38:29.2908 Debug Logger Microsoft.Hosting.Lifetime [Error] => logfile
2025-01-25 18:38:29.2908 Debug Logger Microsoft.Hosting.Lifetime [Fatal] => logfile
2025-01-25 18:38:29.2908 Debug Targets configured when LogLevel >= Trace for Logger: Microsoft.AspNetCore.Server.Kestrel.Transport.Quic
2025-01-25 18:38:29.2908 Debug Logger Microsoft.AspNetCore.Server.Kestrel.Transport.Quic [Trace] => logfile
2025-01-25 18:38:29.2908 Debug Logger Microsoft.AspNetCore.Server.Kestrel.Transport.Quic [Debug] => logfile
2025-01-25 18:38:29.2908 Debug Logger Microsoft.AspNetCore.Server.Kestrel.Transport.Quic [Info] => logfile
2025-01-25 18:38:29.2908 Debug Logger Microsoft.AspNetCore.Server.Kestrel.Transport.Quic [Warn] => logfile
2025-01-25 18:38:29.2908 Debug Logger Microsoft.AspNetCore.Server.Kestrel.Transport.Quic [Error] => logfile
2025-01-25 18:38:29.2908 Debug Logger Microsoft.AspNetCore.Server.Kestrel.Transport.Quic [Fatal] => logfile
2025-01-25 18:38:29.2908 Debug Targets configured when LogLevel >= Trace for Logger: Microsoft.AspNetCore.Server.Kestrel.Core.KestrelServer
2025-01-25 18:38:29.2908 Debug Logger Microsoft.AspNetCore.Server.Kestrel.Core.KestrelServer [Trace] => logfile
2025-01-25 18:38:29.2908 Debug Logger Microsoft.AspNetCore.Server.Kestrel.Core.KestrelServer [Debug] => logfile
2025-01-25 18:38:29.2908 Debug Logger Microsoft.AspNetCore.Server.Kestrel.Core.KestrelServer [Info] => logfile
2025-01-25 18:38:29.2908 Debug Logger Microsoft.AspNetCore.Server.Kestrel.Core.KestrelServer [Warn] => logfile
2025-01-25 18:38:29.2908 Debug Logger Microsoft.AspNetCore.Server.Kestrel.Core.KestrelServer [Error] => logfile
2025-01-25 18:38:29.2908 Debug Logger Microsoft.AspNetCore.Server.Kestrel.Core.KestrelServer [Fatal] => logfile
2025-01-25 18:38:29.2908 Debug Targets configured when LogLevel >= Trace for Logger: Microsoft.AspNetCore.Server.Kestrel.Https.Internal.HttpsConnectionMiddleware
2025-01-25 18:38:29.2908 Debug Logger Microsoft.AspNetCore.Server.Kestrel.Https.Internal.HttpsConnectionMiddleware [Trace] => logfile
2025-01-25 18:38:29.2908 Debug Logger Microsoft.AspNetCore.Server.Kestrel.Https.Internal.HttpsConnectionMiddleware [Debug] => logfile
2025-01-25 18:38:29.2908 Debug Logger Microsoft.AspNetCore.Server.Kestrel.Https.Internal.HttpsConnectionMiddleware [Info] => logfile
2025-01-25 18:38:29.2908 Debug Logger Microsoft.AspNetCore.Server.Kestrel.Https.Internal.HttpsConnectionMiddleware [Warn] => logfile
2025-01-25 18:38:29.2908 Debug Logger Microsoft.AspNetCore.Server.Kestrel.Https.Internal.HttpsConnectionMiddleware [Error] => logfile
2025-01-25 18:38:29.2908 Debug Logger Microsoft.AspNetCore.Server.Kestrel.Https.Internal.HttpsConnectionMiddleware [Fatal] => logfile
2025-01-25 18:38:29.3077 Debug Targets configured when LogLevel >= Trace for Logger: Microsoft.AspNetCore.Server.Kestrel.Core.Internal.CertificatePathWatcher
2025-01-25 18:38:29.3077 Debug Logger Microsoft.AspNetCore.Server.Kestrel.Core.Internal.CertificatePathWatcher [Trace] => logfile
2025-01-25 18:38:29.3077 Debug Logger Microsoft.AspNetCore.Server.Kestrel.Core.Internal.CertificatePathWatcher [Debug] => logfile
2025-01-25 18:38:29.3077 Debug Logger Microsoft.AspNetCore.Server.Kestrel.Core.Internal.CertificatePathWatcher [Info] => logfile
2025-01-25 18:38:29.3077 Debug Logger Microsoft.AspNetCore.Server.Kestrel.Core.Internal.CertificatePathWatcher [Warn] => logfile
2025-01-25 18:38:29.3077 Debug Logger Microsoft.AspNetCore.Server.Kestrel.Core.Internal.CertificatePathWatcher [Error] => logfile
2025-01-25 18:38:29.3077 Debug Logger Microsoft.AspNetCore.Server.Kestrel.Core.Internal.CertificatePathWatcher [Fatal] => logfile
2025-01-25 18:38:29.3077 Debug Targets configured when LogLevel >= Trace for Logger: Microsoft.AspNetCore.Server.Kestrel
2025-01-25 18:38:29.3077 Debug Logger Microsoft.AspNetCore.Server.Kestrel [Trace] => logfile
2025-01-25 18:38:29.3077 Debug Logger Microsoft.AspNetCore.Server.Kestrel [Debug] => logfile
2025-01-25 18:38:29.3077 Debug Logger Microsoft.AspNetCore.Server.Kestrel [Info] => logfile
2025-01-25 18:38:29.3077 Debug Logger Microsoft.AspNetCore.Server.Kestrel [Warn] => logfile
2025-01-25 18:38:29.3077 Debug Logger Microsoft.AspNetCore.Server.Kestrel [Error] => logfile
2025-01-25 18:38:29.3077 Debug Logger Microsoft.AspNetCore.Server.Kestrel [Fatal] => logfile
2025-01-25 18:38:29.3077 Debug Targets configured when LogLevel >= Trace for Logger: Microsoft.AspNetCore.Server.Kestrel.BadRequests
2025-01-25 18:38:29.3077 Debug Logger Microsoft.AspNetCore.Server.Kestrel.BadRequests [Trace] => logfile
2025-01-25 18:38:29.3077 Debug Logger Microsoft.AspNetCore.Server.Kestrel.BadRequests [Debug] => logfile
2025-01-25 18:38:29.3077 Debug Logger Microsoft.AspNetCore.Server.Kestrel.BadRequests [Info] => logfile
2025-01-25 18:38:29.3077 Debug Logger Microsoft.AspNetCore.Server.Kestrel.BadRequests [Warn] => logfile
2025-01-25 18:38:29.3077 Debug Logger Microsoft.AspNetCore.Server.Kestrel.BadRequests [Error] => logfile
2025-01-25 18:38:29.3077 Debug Logger Microsoft.AspNetCore.Server.Kestrel.BadRequests [Fatal] => logfile
2025-01-25 18:38:29.3077 Debug Targets configured when LogLevel >= Trace for Logger: Microsoft.AspNetCore.Server.Kestrel.Connections
2025-01-25 18:38:29.3077 Debug Logger Microsoft.AspNetCore.Server.Kestrel.Connections [Trace] => logfile
2025-01-25 18:38:29.3077 Debug Logger Microsoft.AspNetCore.Server.Kestrel.Connections [Debug] => logfile
2025-01-25 18:38:29.3077 Debug Logger Microsoft.AspNetCore.Server.Kestrel.Connections [Info] => logfile
2025-01-25 18:38:29.3077 Debug Logger Microsoft.AspNetCore.Server.Kestrel.Connections [Warn] => logfile
2025-01-25 18:38:29.3077 Debug Logger Microsoft.AspNetCore.Server.Kestrel.Connections [Error] => logfile
2025-01-25 18:38:29.3077 Debug Logger Microsoft.AspNetCore.Server.Kestrel.Connections [Fatal] => logfile
2025-01-25 18:38:29.3077 Debug Targets configured when LogLevel >= Trace for Logger: Microsoft.AspNetCore.Server.Kestrel.Http2
2025-01-25 18:38:29.3077 Debug Logger Microsoft.AspNetCore.Server.Kestrel.Http2 [Trace] => logfile
2025-01-25 18:38:29.3077 Debug Logger Microsoft.AspNetCore.Server.Kestrel.Http2 [Debug] => logfile
2025-01-25 18:38:29.3077 Debug Logger Microsoft.AspNetCore.Server.Kestrel.Http2 [Info] => logfile
2025-01-25 18:38:29.3077 Debug Logger Microsoft.AspNetCore.Server.Kestrel.Http2 [Warn] => logfile
2025-01-25 18:38:29.3077 Debug Logger Microsoft.AspNetCore.Server.Kestrel.Http2 [Error] => logfile
2025-01-25 18:38:29.3077 Debug Logger Microsoft.AspNetCore.Server.Kestrel.Http2 [Fatal] => logfile
2025-01-25 18:38:29.3077 Debug Targets configured when LogLevel >= Trace for Logger: Microsoft.AspNetCore.Server.Kestrel.Http3
2025-01-25 18:38:29.3077 Debug Logger Microsoft.AspNetCore.Server.Kestrel.Http3 [Trace] => logfile
2025-01-25 18:38:29.3077 Debug Logger Microsoft.AspNetCore.Server.Kestrel.Http3 [Debug] => logfile
2025-01-25 18:38:29.3077 Debug Logger Microsoft.AspNetCore.Server.Kestrel.Http3 [Info] => logfile
2025-01-25 18:38:29.3077 Debug Logger Microsoft.AspNetCore.Server.Kestrel.Http3 [Warn] => logfile
2025-01-25 18:38:29.3077 Debug Logger Microsoft.AspNetCore.Server.Kestrel.Http3 [Error] => logfile
2025-01-25 18:38:29.3077 Debug Logger Microsoft.AspNetCore.Server.Kestrel.Http3 [Fatal] => logfile
2025-01-25 18:38:29.3077 Debug Targets configured when LogLevel >= Trace for Logger: HealthCardApi
2025-01-25 18:38:29.3077 Debug Logger HealthCardApi [Trace] => logfile
2025-01-25 18:38:29.3077 Debug Logger HealthCardApi [Debug] => logfile
2025-01-25 18:38:29.3077 Debug Logger HealthCardApi [Info] => logfile
2025-01-25 18:38:29.3077 Debug Logger HealthCardApi [Warn] => logfile
2025-01-25 18:38:29.3077 Debug Logger HealthCardApi [Error] => logfile
2025-01-25 18:38:29.3077 Debug Logger HealthCardApi [Fatal] => logfile
2025-01-25 18:38:29.3386 Debug Targets configured when LogLevel >= Trace for Logger: Microsoft.AspNetCore.Mvc.Formatters.SystemTextJsonInputFormatter
2025-01-25 18:38:29.3386 Debug Logger Microsoft.AspNetCore.Mvc.Formatters.SystemTextJsonInputFormatter [Trace] => logfile
2025-01-25 18:38:29.3386 Debug Logger Microsoft.AspNetCore.Mvc.Formatters.SystemTextJsonInputFormatter [Debug] => logfile
2025-01-25 18:38:29.3386 Debug Logger Microsoft.AspNetCore.Mvc.Formatters.SystemTextJsonInputFormatter [Info] => logfile
2025-01-25 18:38:29.3386 Debug Logger Microsoft.AspNetCore.Mvc.Formatters.SystemTextJsonInputFormatter [Warn] => logfile
2025-01-25 18:38:29.3386 Debug Logger Microsoft.AspNetCore.Mvc.Formatters.SystemTextJsonInputFormatter [Error] => logfile
2025-01-25 18:38:29.3386 Debug Logger Microsoft.AspNetCore.Mvc.Formatters.SystemTextJsonInputFormatter [Fatal] => logfile
2025-01-25 18:38:29.3617 Debug Targets configured when LogLevel >= Trace for Logger: Microsoft.AspNetCore.Mvc.Core.Filters.AntiforgeryMiddlewareAuthorizationFilter
2025-01-25 18:38:29.3617 Debug Logger Microsoft.AspNetCore.Mvc.Core.Filters.AntiforgeryMiddlewareAuthorizationFilter [Trace] => logfile
2025-01-25 18:38:29.3617 Debug Logger Microsoft.AspNetCore.Mvc.Core.Filters.AntiforgeryMiddlewareAuthorizationFilter [Debug] => logfile
2025-01-25 18:38:29.3617 Debug Logger Microsoft.AspNetCore.Mvc.Core.Filters.AntiforgeryMiddlewareAuthorizationFilter [Info] => logfile
2025-01-25 18:38:29.3617 Debug Logger Microsoft.AspNetCore.Mvc.Core.Filters.AntiforgeryMiddlewareAuthorizationFilter [Warn] => logfile
2025-01-25 18:38:29.3617 Debug Logger Microsoft.AspNetCore.Mvc.Core.Filters.AntiforgeryMiddlewareAuthorizationFilter [Error] => logfile
2025-01-25 18:38:29.3617 Debug Logger Microsoft.AspNetCore.Mvc.Core.Filters.AntiforgeryMiddlewareAuthorizationFilter [Fatal] => logfile
2025-01-25 18:38:29.3617 Debug Targets configured when LogLevel >= Trace for Logger: Microsoft.AspNetCore.Mvc.ApplicationModels.CompiledPageRouteModelProvider
2025-01-25 18:38:29.3617 Debug Logger Microsoft.AspNetCore.Mvc.ApplicationModels.CompiledPageRouteModelProvider [Trace] => logfile
2025-01-25 18:38:29.3617 Debug Logger Microsoft.AspNetCore.Mvc.ApplicationModels.CompiledPageRouteModelProvider [Debug] => logfile
2025-01-25 18:38:29.3617 Debug Logger Microsoft.AspNetCore.Mvc.ApplicationModels.CompiledPageRouteModelProvider [Info] => logfile
2025-01-25 18:38:29.3617 Debug Logger Microsoft.AspNetCore.Mvc.ApplicationModels.CompiledPageRouteModelProvider [Warn] => logfile
2025-01-25 18:38:29.3617 Debug Logger Microsoft.AspNetCore.Mvc.ApplicationModels.CompiledPageRouteModelProvider [Error] => logfile
2025-01-25 18:38:29.3617 Debug Logger Microsoft.AspNetCore.Mvc.ApplicationModels.CompiledPageRouteModelProvider [Fatal] => logfile
2025-01-25 18:38:29.3617 Debug Targets configured when LogLevel >= Trace for Logger: Microsoft.AspNetCore.Mvc.Razor.Compilation.DefaultViewCompiler
2025-01-25 18:38:29.3617 Debug Logger Microsoft.AspNetCore.Mvc.Razor.Compilation.DefaultViewCompiler [Trace] => logfile
2025-01-25 18:38:29.3617 Debug Logger Microsoft.AspNetCore.Mvc.Razor.Compilation.DefaultViewCompiler [Debug] => logfile
2025-01-25 18:38:29.3617 Debug Logger Microsoft.AspNetCore.Mvc.Razor.Compilation.DefaultViewCompiler [Info] => logfile
2025-01-25 18:38:29.3617 Debug Logger Microsoft.AspNetCore.Mvc.Razor.Compilation.DefaultViewCompiler [Warn] => logfile
2025-01-25 18:38:29.3617 Debug Logger Microsoft.AspNetCore.Mvc.Razor.Compilation.DefaultViewCompiler [Error] => logfile
2025-01-25 18:38:29.3617 Debug Logger Microsoft.AspNetCore.Mvc.Razor.Compilation.DefaultViewCompiler [Fatal] => logfile
2025-01-25 18:38:29.3747 Debug FileTarget(Name=logfile): Preparing for new file: 'D:\University\University\HealthCardApi\HealthCardApi\bin\Debug\net8.0\logs\nlog-2025-01-25.log'
2025-01-25 18:38:29.3747 Debug FileTarget(Name=logfile): Creating file appender: 'D:\University\University\HealthCardApi\HealthCardApi\bin\Debug\net8.0\logs\nlog-2025-01-25.log'
2025-01-25 18:38:29.3830 Trace FileTarget(Name=logfile): Opening D:\University\University\HealthCardApi\HealthCardApi\bin\Debug\net8.0\logs\nlog-2025-01-25.log with allowFileSharedWriting=False
2025-01-25 18:38:29.3830 Debug Targets configured when LogLevel >= Trace for Logger: Microsoft.AspNetCore.Mvc.Razor.RazorViewEngine
2025-01-25 18:38:29.3830 Debug Logger Microsoft.AspNetCore.Mvc.Razor.RazorViewEngine [Trace] => logfile
2025-01-25 18:38:29.3830 Debug Logger Microsoft.AspNetCore.Mvc.Razor.RazorViewEngine [Debug] => logfile
2025-01-25 18:38:29.3830 Debug Logger Microsoft.AspNetCore.Mvc.Razor.RazorViewEngine [Info] => logfile
2025-01-25 18:38:29.3830 Debug Logger Microsoft.AspNetCore.Mvc.Razor.RazorViewEngine [Warn] => logfile
2025-01-25 18:38:29.3830 Debug Logger Microsoft.AspNetCore.Mvc.Razor.RazorViewEngine [Error] => logfile
2025-01-25 18:38:29.3830 Debug Logger Microsoft.AspNetCore.Mvc.Razor.RazorViewEngine [Fatal] => logfile
2025-01-25 18:38:29.3830 Debug Targets configured when LogLevel >= Trace for Logger: Microsoft.AspNetCore.Mvc.Infrastructure.DefaultActionDescriptorCollectionProvider
2025-01-25 18:38:29.3830 Debug Logger Microsoft.AspNetCore.Mvc.Infrastructure.DefaultActionDescriptorCollectionProvider [Trace] => logfile
2025-01-25 18:38:29.3830 Debug Logger Microsoft.AspNetCore.Mvc.Infrastructure.DefaultActionDescriptorCollectionProvider [Debug] => logfile
2025-01-25 18:38:29.3830 Debug Logger Microsoft.AspNetCore.Mvc.Infrastructure.DefaultActionDescriptorCollectionProvider [Info] => logfile
2025-01-25 18:38:29.3830 Debug Logger Microsoft.AspNetCore.Mvc.Infrastructure.DefaultActionDescriptorCollectionProvider [Warn] => logfile
2025-01-25 18:38:29.3830 Debug Logger Microsoft.AspNetCore.Mvc.Infrastructure.DefaultActionDescriptorCollectionProvider [Error] => logfile
2025-01-25 18:38:29.3830 Debug Logger Microsoft.AspNetCore.Mvc.Infrastructure.DefaultActionDescriptorCollectionProvider [Fatal] => logfile
2025-01-25 18:38:29.3830 Debug Targets configured when LogLevel >= Trace for Logger: Microsoft.AspNetCore.Mvc.ModelBinding.ModelBinderFactory
2025-01-25 18:38:29.3830 Debug Logger Microsoft.AspNetCore.Mvc.ModelBinding.ModelBinderFactory [Trace] => logfile
2025-01-25 18:38:29.3830 Debug Logger Microsoft.AspNetCore.Mvc.ModelBinding.ModelBinderFactory [Debug] => logfile
2025-01-25 18:38:29.3830 Debug Logger Microsoft.AspNetCore.Mvc.ModelBinding.ModelBinderFactory [Info] => logfile
2025-01-25 18:38:29.3830 Debug Logger Microsoft.AspNetCore.Mvc.ModelBinding.ModelBinderFactory [Warn] => logfile
2025-01-25 18:38:29.3830 Debug Logger Microsoft.AspNetCore.Mvc.ModelBinding.ModelBinderFactory [Error] => logfile
2025-01-25 18:38:29.3830 Debug Logger Microsoft.AspNetCore.Mvc.ModelBinding.ModelBinderFactory [Fatal] => logfile
2025-01-25 18:38:29.3830 Debug Targets configured when LogLevel >= Trace for Logger: Microsoft.AspNetCore.Mvc.ModelBinding.ParameterBinder
2025-01-25 18:38:29.3830 Debug Logger Microsoft.AspNetCore.Mvc.ModelBinding.ParameterBinder [Trace] => logfile
2025-01-25 18:38:29.3830 Debug Logger Microsoft.AspNetCore.Mvc.ModelBinding.ParameterBinder [Debug] => logfile
2025-01-25 18:38:29.3830 Debug Logger Microsoft.AspNetCore.Mvc.ModelBinding.ParameterBinder [Info] => logfile
2025-01-25 18:38:29.3830 Debug Logger Microsoft.AspNetCore.Mvc.ModelBinding.ParameterBinder [Warn] => logfile
2025-01-25 18:38:29.3830 Debug Logger Microsoft.AspNetCore.Mvc.ModelBinding.ParameterBinder [Error] => logfile
2025-01-25 18:38:29.3830 Debug Logger Microsoft.AspNetCore.Mvc.ModelBinding.ParameterBinder [Fatal] => logfile
2025-01-25 18:38:29.3830 Debug Targets configured when LogLevel >= Trace for Logger: Microsoft.AspNetCore.Mvc.Infrastructure.ControllerActionInvoker
2025-01-25 18:38:29.3830 Debug Logger Microsoft.AspNetCore.Mvc.Infrastructure.ControllerActionInvoker [Trace] => logfile
2025-01-25 18:38:29.3830 Debug Logger Microsoft.AspNetCore.Mvc.Infrastructure.ControllerActionInvoker [Debug] => logfile
2025-01-25 18:38:29.3830 Debug Logger Microsoft.AspNetCore.Mvc.Infrastructure.ControllerActionInvoker [Info] => logfile
2025-01-25 18:38:29.3830 Debug Logger Microsoft.AspNetCore.Mvc.Infrastructure.ControllerActionInvoker [Warn] => logfile
2025-01-25 18:38:29.3830 Debug Logger Microsoft.AspNetCore.Mvc.Infrastructure.ControllerActionInvoker [Error] => logfile
2025-01-25 18:38:29.3830 Debug Logger Microsoft.AspNetCore.Mvc.Infrastructure.ControllerActionInvoker [Fatal] => logfile
2025-01-25 18:38:29.3830 Debug Targets configured when LogLevel >= Trace for Logger: Microsoft.AspNetCore.DataProtection.TypeForwardingActivator
2025-01-25 18:38:29.3830 Debug Logger Microsoft.AspNetCore.DataProtection.TypeForwardingActivator [Trace] => logfile
2025-01-25 18:38:29.3830 Debug Logger Microsoft.AspNetCore.DataProtection.TypeForwardingActivator [Debug] => logfile
2025-01-25 18:38:29.3830 Debug Logger Microsoft.AspNetCore.DataProtection.TypeForwardingActivator [Info] => logfile
2025-01-25 18:38:29.3830 Debug Logger Microsoft.AspNetCore.DataProtection.TypeForwardingActivator [Warn] => logfile
2025-01-25 18:38:29.3830 Debug Logger Microsoft.AspNetCore.DataProtection.TypeForwardingActivator [Error] => logfile
2025-01-25 18:38:29.3830 Debug Logger Microsoft.AspNetCore.DataProtection.TypeForwardingActivator [Fatal] => logfile
2025-01-25 18:38:29.3984 Debug Targets configured when LogLevel >= Trace for Logger: Microsoft.AspNetCore.DataProtection.KeyManagement.XmlKeyManager
2025-01-25 18:38:29.3984 Debug Logger Microsoft.AspNetCore.DataProtection.KeyManagement.XmlKeyManager [Trace] => logfile
2025-01-25 18:38:29.3984 Debug Logger Microsoft.AspNetCore.DataProtection.KeyManagement.XmlKeyManager [Debug] => logfile
2025-01-25 18:38:29.3984 Debug Logger Microsoft.AspNetCore.DataProtection.KeyManagement.XmlKeyManager [Info] => logfile
2025-01-25 18:38:29.3984 Debug Logger Microsoft.AspNetCore.DataProtection.KeyManagement.XmlKeyManager [Warn] => logfile
2025-01-25 18:38:29.3984 Debug Logger Microsoft.AspNetCore.DataProtection.KeyManagement.XmlKeyManager [Error] => logfile
2025-01-25 18:38:29.3984 Debug Logger Microsoft.AspNetCore.DataProtection.KeyManagement.XmlKeyManager [Fatal] => logfile
2025-01-25 18:38:29.3984 Debug Targets configured when LogLevel >= Trace for Logger: Microsoft.AspNetCore.DataProtection.AuthenticatedEncryption.CngGcmAuthenticatedEncryptorFactory
2025-01-25 18:38:29.3984 Debug Logger Microsoft.AspNetCore.DataProtection.AuthenticatedEncryption.CngGcmAuthenticatedEncryptorFactory [Trace] => logfile
2025-01-25 18:38:29.3984 Debug Logger Microsoft.AspNetCore.DataProtection.AuthenticatedEncryption.CngGcmAuthenticatedEncryptorFactory [Debug] => logfile
2025-01-25 18:38:29.3984 Debug Logger Microsoft.AspNetCore.DataProtection.AuthenticatedEncryption.CngGcmAuthenticatedEncryptorFactory [Info] => logfile
2025-01-25 18:38:29.3984 Debug Logger Microsoft.AspNetCore.DataProtection.AuthenticatedEncryption.CngGcmAuthenticatedEncryptorFactory [Warn] => logfile
2025-01-25 18:38:29.3984 Debug Logger Microsoft.AspNetCore.DataProtection.AuthenticatedEncryption.CngGcmAuthenticatedEncryptorFactory [Error] => logfile
2025-01-25 18:38:29.3984 Debug Logger Microsoft.AspNetCore.DataProtection.AuthenticatedEncryption.CngGcmAuthenticatedEncryptorFactory [Fatal] => logfile
2025-01-25 18:38:29.3984 Debug Targets configured when LogLevel >= Trace for Logger: Microsoft.AspNetCore.DataProtection.AuthenticatedEncryption.CngCbcAuthenticatedEncryptorFactory
2025-01-25 18:38:29.3984 Debug Logger Microsoft.AspNetCore.DataProtection.AuthenticatedEncryption.CngCbcAuthenticatedEncryptorFactory [Trace] => logfile
2025-01-25 18:38:29.3984 Debug Logger Microsoft.AspNetCore.DataProtection.AuthenticatedEncryption.CngCbcAuthenticatedEncryptorFactory [Debug] => logfile
2025-01-25 18:38:29.3984 Debug Logger Microsoft.AspNetCore.DataProtection.AuthenticatedEncryption.CngCbcAuthenticatedEncryptorFactory [Info] => logfile
2025-01-25 18:38:29.3984 Debug Logger Microsoft.AspNetCore.DataProtection.AuthenticatedEncryption.CngCbcAuthenticatedEncryptorFactory [Warn] => logfile
2025-01-25 18:38:29.3984 Debug Logger Microsoft.AspNetCore.DataProtection.AuthenticatedEncryption.CngCbcAuthenticatedEncryptorFactory [Error] => logfile
2025-01-25 18:38:29.3984 Debug Logger Microsoft.AspNetCore.DataProtection.AuthenticatedEncryption.CngCbcAuthenticatedEncryptorFactory [Fatal] => logfile
2025-01-25 18:38:29.3984 Debug Targets configured when LogLevel >= Trace for Logger: Microsoft.AspNetCore.DataProtection.AuthenticatedEncryption.ManagedAuthenticatedEncryptorFactory
2025-01-25 18:38:29.3984 Debug Logger Microsoft.AspNetCore.DataProtection.AuthenticatedEncryption.ManagedAuthenticatedEncryptorFactory [Trace] => logfile
2025-01-25 18:38:29.3984 Debug Logger Microsoft.AspNetCore.DataProtection.AuthenticatedEncryption.ManagedAuthenticatedEncryptorFactory [Debug] => logfile
2025-01-25 18:38:29.3984 Debug Logger Microsoft.AspNetCore.DataProtection.AuthenticatedEncryption.ManagedAuthenticatedEncryptorFactory [Info] => logfile
2025-01-25 18:38:29.3984 Debug Logger Microsoft.AspNetCore.DataProtection.AuthenticatedEncryption.ManagedAuthenticatedEncryptorFactory [Warn] => logfile
2025-01-25 18:38:29.3984 Debug Logger Microsoft.AspNetCore.DataProtection.AuthenticatedEncryption.ManagedAuthenticatedEncryptorFactory [Error] => logfile
2025-01-25 18:38:29.3984 Debug Logger Microsoft.AspNetCore.DataProtection.AuthenticatedEncryption.ManagedAuthenticatedEncryptorFactory [Fatal] => logfile
2025-01-25 18:38:29.3984 Debug Targets configured when LogLevel >= Trace for Logger: Microsoft.AspNetCore.DataProtection.XmlEncryption.DpapiXmlEncryptor
2025-01-25 18:38:29.3984 Debug Logger Microsoft.AspNetCore.DataProtection.XmlEncryption.DpapiXmlEncryptor [Trace] => logfile
2025-01-25 18:38:29.3984 Debug Logger Microsoft.AspNetCore.DataProtection.XmlEncryption.DpapiXmlEncryptor [Debug] => logfile
2025-01-25 18:38:29.3984 Debug Logger Microsoft.AspNetCore.DataProtection.XmlEncryption.DpapiXmlEncryptor [Info] => logfile
2025-01-25 18:38:29.3984 Debug Logger Microsoft.AspNetCore.DataProtection.XmlEncryption.DpapiXmlEncryptor [Warn] => logfile
2025-01-25 18:38:29.3984 Debug Logger Microsoft.AspNetCore.DataProtection.XmlEncryption.DpapiXmlEncryptor [Error] => logfile
2025-01-25 18:38:29.3984 Debug Logger Microsoft.AspNetCore.DataProtection.XmlEncryption.DpapiXmlEncryptor [Fatal] => logfile
2025-01-25 18:38:29.3984 Debug Targets configured when LogLevel >= Trace for Logger: Microsoft.AspNetCore.DataProtection.Repositories.FileSystemXmlRepository
2025-01-25 18:38:29.3984 Debug Logger Microsoft.AspNetCore.DataProtection.Repositories.FileSystemXmlRepository [Trace] => logfile
2025-01-25 18:38:29.3984 Debug Logger Microsoft.AspNetCore.DataProtection.Repositories.FileSystemXmlRepository [Debug] => logfile
2025-01-25 18:38:29.3984 Debug Logger Microsoft.AspNetCore.DataProtection.Repositories.FileSystemXmlRepository [Info] => logfile
2025-01-25 18:38:29.3984 Debug Logger Microsoft.AspNetCore.DataProtection.Repositories.FileSystemXmlRepository [Warn] => logfile
2025-01-25 18:38:29.3984 Debug Logger Microsoft.AspNetCore.DataProtection.Repositories.FileSystemXmlRepository [Error] => logfile
2025-01-25 18:38:29.3984 Debug Logger Microsoft.AspNetCore.DataProtection.Repositories.FileSystemXmlRepository [Fatal] => logfile
2025-01-25 18:38:29.4145 Debug Targets configured when LogLevel >= Trace for Logger: Microsoft.AspNetCore.DataProtection.KeyManagement.DefaultKeyResolver
2025-01-25 18:38:29.4145 Debug Logger Microsoft.AspNetCore.DataProtection.KeyManagement.DefaultKeyResolver [Trace] => logfile
2025-01-25 18:38:29.4145 Debug Logger Microsoft.AspNetCore.DataProtection.KeyManagement.DefaultKeyResolver [Debug] => logfile
2025-01-25 18:38:29.4145 Debug Logger Microsoft.AspNetCore.DataProtection.KeyManagement.DefaultKeyResolver [Info] => logfile
2025-01-25 18:38:29.4145 Debug Logger Microsoft.AspNetCore.DataProtection.KeyManagement.DefaultKeyResolver [Warn] => logfile
2025-01-25 18:38:29.4145 Debug Logger Microsoft.AspNetCore.DataProtection.KeyManagement.DefaultKeyResolver [Error] => logfile
2025-01-25 18:38:29.4145 Debug Logger Microsoft.AspNetCore.DataProtection.KeyManagement.DefaultKeyResolver [Fatal] => logfile
2025-01-25 18:38:29.4145 Debug Targets configured when LogLevel >= Trace for Logger: Microsoft.AspNetCore.DataProtection.KeyManagement.KeyRingProvider
2025-01-25 18:38:29.4145 Debug Logger Microsoft.AspNetCore.DataProtection.KeyManagement.KeyRingProvider [Trace] => logfile
2025-01-25 18:38:29.4145 Debug Logger Microsoft.AspNetCore.DataProtection.KeyManagement.KeyRingProvider [Debug] => logfile
2025-01-25 18:38:29.4145 Debug Logger Microsoft.AspNetCore.DataProtection.KeyManagement.KeyRingProvider [Info] => logfile
2025-01-25 18:38:29.4145 Debug Logger Microsoft.AspNetCore.DataProtection.KeyManagement.KeyRingProvider [Warn] => logfile
2025-01-25 18:38:29.4145 Debug Logger Microsoft.AspNetCore.DataProtection.KeyManagement.KeyRingProvider [Error] => logfile
2025-01-25 18:38:29.4145 Debug Logger Microsoft.AspNetCore.DataProtection.KeyManagement.KeyRingProvider [Fatal] => logfile
2025-01-25 18:38:29.4145 Debug Targets configured when LogLevel >= Trace for Logger: Microsoft.AspNetCore.DataProtection.KeyManagement.KeyRingBasedDataProtector
2025-01-25 18:38:29.4145 Debug Logger Microsoft.AspNetCore.DataProtection.KeyManagement.KeyRingBasedDataProtector [Trace] => logfile
2025-01-25 18:38:29.4145 Debug Logger Microsoft.AspNetCore.DataProtection.KeyManagement.KeyRingBasedDataProtector [Debug] => logfile
2025-01-25 18:38:29.4145 Debug Logger Microsoft.AspNetCore.DataProtection.KeyManagement.KeyRingBasedDataProtector [Info] => logfile
2025-01-25 18:38:29.4145 Debug Logger Microsoft.AspNetCore.DataProtection.KeyManagement.KeyRingBasedDataProtector [Warn] => logfile
2025-01-25 18:38:29.4145 Debug Logger Microsoft.AspNetCore.DataProtection.KeyManagement.KeyRingBasedDataProtector [Error] => logfile
2025-01-25 18:38:29.4145 Debug Logger Microsoft.AspNetCore.DataProtection.KeyManagement.KeyRingBasedDataProtector [Fatal] => logfile
2025-01-25 18:38:29.4145 Debug Targets configured when LogLevel >= Trace for Logger: Microsoft.AspNetCore.Mvc.ViewFeatures.CookieTempDataProvider
2025-01-25 18:38:29.4145 Debug Logger Microsoft.AspNetCore.Mvc.ViewFeatures.CookieTempDataProvider [Trace] => logfile
2025-01-25 18:38:29.4145 Debug Logger Microsoft.AspNetCore.Mvc.ViewFeatures.CookieTempDataProvider [Debug] => logfile
2025-01-25 18:38:29.4145 Debug Logger Microsoft.AspNetCore.Mvc.ViewFeatures.CookieTempDataProvider [Info] => logfile
2025-01-25 18:38:29.4145 Debug Logger Microsoft.AspNetCore.Mvc.ViewFeatures.CookieTempDataProvider [Warn] => logfile
2025-01-25 18:38:29.4145 Debug Logger Microsoft.AspNetCore.Mvc.ViewFeatures.CookieTempDataProvider [Error] => logfile
2025-01-25 18:38:29.4145 Debug Logger Microsoft.AspNetCore.Mvc.ViewFeatures.CookieTempDataProvider [Fatal] => logfile
2025-01-25 18:38:29.4145 Debug Targets configured when LogLevel >= Trace for Logger: Microsoft.AspNetCore.Mvc.RazorPages.Infrastructure.PageActionInvoker
2025-01-25 18:38:29.4145 Debug Logger Microsoft.AspNetCore.Mvc.RazorPages.Infrastructure.PageActionInvoker [Trace] => logfile
2025-01-25 18:38:29.4145 Debug Logger Microsoft.AspNetCore.Mvc.RazorPages.Infrastructure.PageActionInvoker [Debug] => logfile
2025-01-25 18:38:29.4145 Debug Logger Microsoft.AspNetCore.Mvc.RazorPages.Infrastructure.PageActionInvoker [Info] => logfile
2025-01-25 18:38:29.4145 Debug Logger Microsoft.AspNetCore.Mvc.RazorPages.Infrastructure.PageActionInvoker [Warn] => logfile
2025-01-25 18:38:29.4145 Debug Logger Microsoft.AspNetCore.Mvc.RazorPages.Infrastructure.PageActionInvoker [Error] => logfile
2025-01-25 18:38:29.4145 Debug Logger Microsoft.AspNetCore.Mvc.RazorPages.Infrastructure.PageActionInvoker [Fatal] => logfile
2025-01-25 18:38:29.4602 Debug Targets configured when LogLevel >= Trace for Logger: Microsoft.AspNetCore.DataProtection.Internal.DataProtectionHostedService
2025-01-25 18:38:29.4610 Debug Logger Microsoft.AspNetCore.DataProtection.Internal.DataProtectionHostedService [Trace] => logfile
2025-01-25 18:38:29.4610 Debug Logger Microsoft.AspNetCore.DataProtection.Internal.DataProtectionHostedService [Debug] => logfile
2025-01-25 18:38:29.4610 Debug Logger Microsoft.AspNetCore.DataProtection.Internal.DataProtectionHostedService [Info] => logfile
2025-01-25 18:38:29.4610 Debug Logger Microsoft.AspNetCore.DataProtection.Internal.DataProtectionHostedService [Warn] => logfile
2025-01-25 18:38:29.4610 Debug Logger Microsoft.AspNetCore.DataProtection.Internal.DataProtectionHostedService [Error] => logfile
2025-01-25 18:38:29.4610 Debug Logger Microsoft.AspNetCore.DataProtection.Internal.DataProtectionHostedService [Fatal] => logfile
2025-01-25 18:38:29.4610 Debug Targets configured when LogLevel >= Trace for Logger: Microsoft.AspNetCore.Hosting.Diagnostics
2025-01-25 18:38:29.4610 Debug Logger Microsoft.AspNetCore.Hosting.Diagnostics [Trace] => logfile
2025-01-25 18:38:29.4610 Debug Logger Microsoft.AspNetCore.Hosting.Diagnostics [Debug] => logfile
2025-01-25 18:38:29.4610 Debug Logger Microsoft.AspNetCore.Hosting.Diagnostics [Info] => logfile
2025-01-25 18:38:29.4610 Debug Logger Microsoft.AspNetCore.Hosting.Diagnostics [Warn] => logfile
2025-01-25 18:38:29.4610 Debug Logger Microsoft.AspNetCore.Hosting.Diagnostics [Error] => logfile
2025-01-25 18:38:29.4610 Debug Logger Microsoft.AspNetCore.Hosting.Diagnostics [Fatal] => logfile
2025-01-25 18:38:29.4770 Debug Targets configured when LogLevel >= Trace for Logger: Microsoft.AspNetCore.DataProtection.XmlEncryption.DpapiXmlDecryptor
2025-01-25 18:38:29.4770 Debug Logger Microsoft.AspNetCore.DataProtection.XmlEncryption.DpapiXmlDecryptor [Trace] => logfile
2025-01-25 18:38:29.4770 Debug Logger Microsoft.AspNetCore.DataProtection.XmlEncryption.DpapiXmlDecryptor [Debug] => logfile
2025-01-25 18:38:29.4770 Debug Logger Microsoft.AspNetCore.DataProtection.XmlEncryption.DpapiXmlDecryptor [Info] => logfile
2025-01-25 18:38:29.4770 Debug Logger Microsoft.AspNetCore.DataProtection.XmlEncryption.DpapiXmlDecryptor [Warn] => logfile
2025-01-25 18:38:29.4770 Debug Logger Microsoft.AspNetCore.DataProtection.XmlEncryption.DpapiXmlDecryptor [Error] => logfile
2025-01-25 18:38:29.4770 Debug Logger Microsoft.AspNetCore.DataProtection.XmlEncryption.DpapiXmlDecryptor [Fatal] => logfile
2025-01-25 18:38:29.5189 Debug Targets configured when LogLevel >= Trace for Logger: Microsoft.AspNetCore.Routing.EndpointMiddleware
2025-01-25 18:38:29.5189 Debug Logger Microsoft.AspNetCore.Routing.EndpointMiddleware [Trace] => logfile
2025-01-25 18:38:29.5189 Debug Logger Microsoft.AspNetCore.Routing.EndpointMiddleware [Debug] => logfile
2025-01-25 18:38:29.5189 Debug Logger Microsoft.AspNetCore.Routing.EndpointMiddleware [Info] => logfile
2025-01-25 18:38:29.5189 Debug Logger Microsoft.AspNetCore.Routing.EndpointMiddleware [Warn] => logfile
2025-01-25 18:38:29.5189 Debug Logger Microsoft.AspNetCore.Routing.EndpointMiddleware [Error] => logfile
2025-01-25 18:38:29.5189 Debug Logger Microsoft.AspNetCore.Routing.EndpointMiddleware [Fatal] => logfile
2025-01-25 18:38:29.5189 Debug Targets configured when LogLevel >= Trace for Logger: Microsoft.AspNetCore.Authorization.AuthorizationMiddleware
2025-01-25 18:38:29.5189 Debug Logger Microsoft.AspNetCore.Authorization.AuthorizationMiddleware [Trace] => logfile
2025-01-25 18:38:29.5189 Debug Logger Microsoft.AspNetCore.Authorization.AuthorizationMiddleware [Debug] => logfile
2025-01-25 18:38:29.5189 Debug Logger Microsoft.AspNetCore.Authorization.AuthorizationMiddleware [Info] => logfile
2025-01-25 18:38:29.5189 Debug Logger Microsoft.AspNetCore.Authorization.AuthorizationMiddleware [Warn] => logfile
2025-01-25 18:38:29.5189 Debug Logger Microsoft.AspNetCore.Authorization.AuthorizationMiddleware [Error] => logfile
2025-01-25 18:38:29.5189 Debug Logger Microsoft.AspNetCore.Authorization.AuthorizationMiddleware [Fatal] => logfile
2025-01-25 18:38:29.5237 Debug Targets configured when LogLevel >= Trace for Logger: Microsoft.AspNetCore.HttpsPolicy.HttpsRedirectionMiddleware
2025-01-25 18:38:29.5237 Debug Logger Microsoft.AspNetCore.HttpsPolicy.HttpsRedirectionMiddleware [Trace] => logfile
2025-01-25 18:38:29.5237 Debug Logger Microsoft.AspNetCore.HttpsPolicy.HttpsRedirectionMiddleware [Debug] => logfile
2025-01-25 18:38:29.5237 Debug Logger Microsoft.AspNetCore.HttpsPolicy.HttpsRedirectionMiddleware [Info] => logfile
2025-01-25 18:38:29.5237 Debug Logger Microsoft.AspNetCore.HttpsPolicy.HttpsRedirectionMiddleware [Warn] => logfile
2025-01-25 18:38:29.5237 Debug Logger Microsoft.AspNetCore.HttpsPolicy.HttpsRedirectionMiddleware [Error] => logfile
2025-01-25 18:38:29.5237 Debug Logger Microsoft.AspNetCore.HttpsPolicy.HttpsRedirectionMiddleware [Fatal] => logfile
2025-01-25 18:38:29.5237 Debug Targets configured when LogLevel >= Trace for Logger: Microsoft.AspNetCore.StaticFiles.StaticFileMiddleware
2025-01-25 18:38:29.5237 Debug Logger Microsoft.AspNetCore.StaticFiles.StaticFileMiddleware [Trace] => logfile
2025-01-25 18:38:29.5237 Debug Logger Microsoft.AspNetCore.StaticFiles.StaticFileMiddleware [Debug] => logfile
2025-01-25 18:38:29.5237 Debug Logger Microsoft.AspNetCore.StaticFiles.StaticFileMiddleware [Info] => logfile
2025-01-25 18:38:29.5237 Debug Logger Microsoft.AspNetCore.StaticFiles.StaticFileMiddleware [Warn] => logfile
2025-01-25 18:38:29.5237 Debug Logger Microsoft.AspNetCore.StaticFiles.StaticFileMiddleware [Error] => logfile
2025-01-25 18:38:29.5237 Debug Logger Microsoft.AspNetCore.StaticFiles.StaticFileMiddleware [Fatal] => logfile
2025-01-25 18:38:29.5487 Debug Targets configured when LogLevel >= Trace for Logger: Microsoft.AspNetCore.Routing.EndpointRoutingMiddleware
2025-01-25 18:38:29.5487 Debug Logger Microsoft.AspNetCore.Routing.EndpointRoutingMiddleware [Trace] => logfile
2025-01-25 18:38:29.5487 Debug Logger Microsoft.AspNetCore.Routing.EndpointRoutingMiddleware [Debug] => logfile
2025-01-25 18:38:29.5487 Debug Logger Microsoft.AspNetCore.Routing.EndpointRoutingMiddleware [Info] => logfile
2025-01-25 18:38:29.5487 Debug Logger Microsoft.AspNetCore.Routing.EndpointRoutingMiddleware [Warn] => logfile
2025-01-25 18:38:29.5487 Debug Logger Microsoft.AspNetCore.Routing.EndpointRoutingMiddleware [Error] => logfile
2025-01-25 18:38:29.5487 Debug Logger Microsoft.AspNetCore.Routing.EndpointRoutingMiddleware [Fatal] => logfile
2025-01-25 18:38:29.5487 Debug Targets configured when LogLevel >= Trace for Logger: Microsoft.AspNetCore.Diagnostics.DeveloperExceptionPageMiddleware
2025-01-25 18:38:29.5487 Debug Logger Microsoft.AspNetCore.Diagnostics.DeveloperExceptionPageMiddleware [Trace] => logfile
2025-01-25 18:38:29.5487 Debug Logger Microsoft.AspNetCore.Diagnostics.DeveloperExceptionPageMiddleware [Debug] => logfile
2025-01-25 18:38:29.5487 Debug Logger Microsoft.AspNetCore.Diagnostics.DeveloperExceptionPageMiddleware [Info] => logfile
2025-01-25 18:38:29.5487 Debug Logger Microsoft.AspNetCore.Diagnostics.DeveloperExceptionPageMiddleware [Warn] => logfile
2025-01-25 18:38:29.5487 Debug Logger Microsoft.AspNetCore.Diagnostics.DeveloperExceptionPageMiddleware [Error] => logfile
2025-01-25 18:38:29.5487 Debug Logger Microsoft.AspNetCore.Diagnostics.DeveloperExceptionPageMiddleware [Fatal] => logfile
2025-01-25 18:38:29.5561 Debug Targets configured when LogLevel >= Trace for Logger: Microsoft.AspNetCore.HostFiltering.HostFilteringMiddleware
2025-01-25 18:38:29.5561 Debug Logger Microsoft.AspNetCore.HostFiltering.HostFilteringMiddleware [Trace] => logfile
2025-01-25 18:38:29.5561 Debug Logger Microsoft.AspNetCore.HostFiltering.HostFilteringMiddleware [Debug] => logfile
2025-01-25 18:38:29.5561 Debug Logger Microsoft.AspNetCore.HostFiltering.HostFilteringMiddleware [Info] => logfile
2025-01-25 18:38:29.5561 Debug Logger Microsoft.AspNetCore.HostFiltering.HostFilteringMiddleware [Warn] => logfile
2025-01-25 18:38:29.5561 Debug Logger Microsoft.AspNetCore.HostFiltering.HostFilteringMiddleware [Error] => logfile
2025-01-25 18:38:29.5561 Debug Logger Microsoft.AspNetCore.HostFiltering.HostFilteringMiddleware [Fatal] => logfile
2025-01-25 18:38:29.5561 Debug Targets configured when LogLevel >= Trace for Logger: Microsoft.WebTools.BrowserLink.Net.BrowserLinkMiddleware
2025-01-25 18:38:29.5561 Debug Logger Microsoft.WebTools.BrowserLink.Net.BrowserLinkMiddleware [Trace] => logfile
2025-01-25 18:38:29.5561 Debug Logger Microsoft.WebTools.BrowserLink.Net.BrowserLinkMiddleware [Debug] => logfile
2025-01-25 18:38:29.5561 Debug Logger Microsoft.WebTools.BrowserLink.Net.BrowserLinkMiddleware [Info] => logfile
2025-01-25 18:38:29.5561 Debug Logger Microsoft.WebTools.BrowserLink.Net.BrowserLinkMiddleware [Warn] => logfile
2025-01-25 18:38:29.5561 Debug Logger Microsoft.WebTools.BrowserLink.Net.BrowserLinkMiddleware [Error] => logfile
2025-01-25 18:38:29.5561 Debug Logger Microsoft.WebTools.BrowserLink.Net.BrowserLinkMiddleware [Fatal] => logfile
2025-01-25 18:38:29.5561 Debug Targets configured when LogLevel >= Trace for Logger: Microsoft.WebTools.BrowserLink.Net.VsContentMiddleware
2025-01-25 18:38:29.5561 Debug Logger Microsoft.WebTools.BrowserLink.Net.VsContentMiddleware [Trace] => logfile
2025-01-25 18:38:29.5561 Debug Logger Microsoft.WebTools.BrowserLink.Net.VsContentMiddleware [Debug] => logfile
2025-01-25 18:38:29.5561 Debug Logger Microsoft.WebTools.BrowserLink.Net.VsContentMiddleware [Info] => logfile
2025-01-25 18:38:29.5561 Debug Logger Microsoft.WebTools.BrowserLink.Net.VsContentMiddleware [Warn] => logfile
2025-01-25 18:38:29.5561 Debug Logger Microsoft.WebTools.BrowserLink.Net.VsContentMiddleware [Error] => logfile
2025-01-25 18:38:29.5561 Debug Logger Microsoft.WebTools.BrowserLink.Net.VsContentMiddleware [Fatal] => logfile
2025-01-25 18:38:29.5561 Debug Targets configured when LogLevel >= Trace for Logger: Microsoft.AspNetCore.Watch.BrowserRefresh.BrowserRefreshMiddleware
2025-01-25 18:38:29.5561 Debug Logger Microsoft.AspNetCore.Watch.BrowserRefresh.BrowserRefreshMiddleware [Trace] => logfile
2025-01-25 18:38:29.5561 Debug Logger Microsoft.AspNetCore.Watch.BrowserRefresh.BrowserRefreshMiddleware [Debug] => logfile
2025-01-25 18:38:29.5561 Debug Logger Microsoft.AspNetCore.Watch.BrowserRefresh.BrowserRefreshMiddleware [Info] => logfile
2025-01-25 18:38:29.5561 Debug Logger Microsoft.AspNetCore.Watch.BrowserRefresh.BrowserRefreshMiddleware [Warn] => logfile
2025-01-25 18:38:29.5561 Debug Logger Microsoft.AspNetCore.Watch.BrowserRefresh.BrowserRefreshMiddleware [Error] => logfile
2025-01-25 18:38:29.5561 Debug Logger Microsoft.AspNetCore.Watch.BrowserRefresh.BrowserRefreshMiddleware [Fatal] => logfile
2025-01-25 18:38:29.6002 Debug Targets configured when LogLevel >= Trace for Logger: Microsoft.AspNetCore.Server.Kestrel.Transport.Sockets
2025-01-25 18:38:29.6002 Debug Logger Microsoft.AspNetCore.Server.Kestrel.Transport.Sockets [Trace] => logfile
2025-01-25 18:38:29.6002 Debug Logger Microsoft.AspNetCore.Server.Kestrel.Transport.Sockets [Debug] => logfile
2025-01-25 18:38:29.6002 Debug Logger Microsoft.AspNetCore.Server.Kestrel.Transport.Sockets [Info] => logfile
2025-01-25 18:38:29.6002 Debug Logger Microsoft.AspNetCore.Server.Kestrel.Transport.Sockets [Warn] => logfile
2025-01-25 18:38:29.6002 Debug Logger Microsoft.AspNetCore.Server.Kestrel.Transport.Sockets [Error] => logfile
2025-01-25 18:38:29.6002 Debug Logger Microsoft.AspNetCore.Server.Kestrel.Transport.Sockets [Fatal] => logfile
2025-01-25 18:38:30.0422 Debug Targets configured when LogLevel >= Trace for Logger: Microsoft.AspNetCore.Routing.Matching.DfaMatcher
2025-01-25 18:38:30.0422 Debug Logger Microsoft.AspNetCore.Routing.Matching.DfaMatcher [Trace] => logfile
2025-01-25 18:38:30.0422 Debug Logger Microsoft.AspNetCore.Routing.Matching.DfaMatcher [Debug] => logfile
2025-01-25 18:38:30.0422 Debug Logger Microsoft.AspNetCore.Routing.Matching.DfaMatcher [Info] => logfile
2025-01-25 18:38:30.0422 Debug Logger Microsoft.AspNetCore.Routing.Matching.DfaMatcher [Warn] => logfile
2025-01-25 18:38:30.0422 Debug Logger Microsoft.AspNetCore.Routing.Matching.DfaMatcher [Error] => logfile
2025-01-25 18:38:30.0422 Debug Logger Microsoft.AspNetCore.Routing.Matching.DfaMatcher [Fatal] => logfile
2025-01-25 18:39:56.2713 Debug Targets configured when LogLevel >= Trace for Logger: Microsoft.AspNetCore.Mvc.Infrastructure.ClientErrorResultFilter
2025-01-25 18:39:56.2713 Debug Logger Microsoft.AspNetCore.Mvc.Infrastructure.ClientErrorResultFilter [Trace] => logfile
2025-01-25 18:39:56.2713 Debug Logger Microsoft.AspNetCore.Mvc.Infrastructure.ClientErrorResultFilter [Debug] => logfile
2025-01-25 18:39:56.2713 Debug Logger Microsoft.AspNetCore.Mvc.Infrastructure.ClientErrorResultFilter [Info] => logfile
2025-01-25 18:39:56.2713 Debug Logger Microsoft.AspNetCore.Mvc.Infrastructure.ClientErrorResultFilter [Warn] => logfile
2025-01-25 18:39:56.2713 Debug Logger Microsoft.AspNetCore.Mvc.Infrastructure.ClientErrorResultFilter [Error] => logfile
2025-01-25 18:39:56.2713 Debug Logger Microsoft.AspNetCore.Mvc.Infrastructure.ClientErrorResultFilter [Fatal] => logfile
2025-01-25 18:39:56.2713 Debug Targets configured when LogLevel >= Trace for Logger: Microsoft.AspNetCore.Mvc.Infrastructure.ModelStateInvalidFilter
2025-01-25 18:39:56.2713 Debug Logger Microsoft.AspNetCore.Mvc.Infrastructure.ModelStateInvalidFilter [Trace] => logfile
2025-01-25 18:39:56.2713 Debug Logger Microsoft.AspNetCore.Mvc.Infrastructure.ModelStateInvalidFilter [Debug] => logfile
2025-01-25 18:39:56.2713 Debug Logger Microsoft.AspNetCore.Mvc.Infrastructure.ModelStateInvalidFilter [Info] => logfile
2025-01-25 18:39:56.2713 Debug Logger Microsoft.AspNetCore.Mvc.Infrastructure.ModelStateInvalidFilter [Warn] => logfile
2025-01-25 18:39:56.2713 Debug Logger Microsoft.AspNetCore.Mvc.Infrastructure.ModelStateInvalidFilter [Error] => logfile
2025-01-25 18:39:56.2713 Debug Logger Microsoft.AspNetCore.Mvc.Infrastructure.ModelStateInvalidFilter [Fatal] => logfile
2025-01-25 18:39:56.3949 Debug Targets configured when LogLevel >= Trace for Logger: Microsoft.EntityFrameworkCore.Infrastructure
2025-01-25 18:39:56.3949 Debug Logger Microsoft.EntityFrameworkCore.Infrastructure [Trace] => logfile
2025-01-25 18:39:56.3949 Debug Logger Microsoft.EntityFrameworkCore.Infrastructure [Debug] => logfile
2025-01-25 18:39:56.3949 Debug Logger Microsoft.EntityFrameworkCore.Infrastructure [Info] => logfile
2025-01-25 18:39:56.3949 Debug Logger Microsoft.EntityFrameworkCore.Infrastructure [Warn] => logfile
2025-01-25 18:39:56.3949 Debug Logger Microsoft.EntityFrameworkCore.Infrastructure [Error] => logfile
2025-01-25 18:39:56.3965 Debug Logger Microsoft.EntityFrameworkCore.Infrastructure [Fatal] => logfile
2025-01-25 18:39:56.4405 Debug Targets configured when LogLevel >= Trace for Logger: Microsoft.EntityFrameworkCore.ChangeTracking
2025-01-25 18:39:56.4405 Debug Logger Microsoft.EntityFrameworkCore.ChangeTracking [Trace] => logfile
2025-01-25 18:39:56.4405 Debug Logger Microsoft.EntityFrameworkCore.ChangeTracking [Debug] => logfile
2025-01-25 18:39:56.4405 Debug Logger Microsoft.EntityFrameworkCore.ChangeTracking [Info] => logfile
2025-01-25 18:39:56.4405 Debug Logger Microsoft.EntityFrameworkCore.ChangeTracking [Warn] => logfile
2025-01-25 18:39:56.4405 Debug Logger Microsoft.EntityFrameworkCore.ChangeTracking [Error] => logfile
2025-01-25 18:39:56.4405 Debug Logger Microsoft.EntityFrameworkCore.ChangeTracking [Fatal] => logfile
2025-01-25 18:39:56.4439 Debug Targets configured when LogLevel >= Trace for Logger: Microsoft.EntityFrameworkCore.Database.Command
2025-01-25 18:39:56.4439 Debug Logger Microsoft.EntityFrameworkCore.Database.Command [Trace] => logfile
2025-01-25 18:39:56.4439 Debug Logger Microsoft.EntityFrameworkCore.Database.Command [Debug] => logfile
2025-01-25 18:39:56.4439 Debug Logger Microsoft.EntityFrameworkCore.Database.Command [Info] => logfile
2025-01-25 18:39:56.4439 Debug Logger Microsoft.EntityFrameworkCore.Database.Command [Warn] => logfile
2025-01-25 18:39:56.4439 Debug Logger Microsoft.EntityFrameworkCore.Database.Command [Error] => logfile
2025-01-25 18:39:56.4439 Debug Logger Microsoft.EntityFrameworkCore.Database.Command [Fatal] => logfile
2025-01-25 18:39:56.4439 Debug Targets configured when LogLevel >= Trace for Logger: Microsoft.EntityFrameworkCore.Query
2025-01-25 18:39:56.4439 Debug Logger Microsoft.EntityFrameworkCore.Query [Trace] => logfile
2025-01-25 18:39:56.4439 Debug Logger Microsoft.EntityFrameworkCore.Query [Debug] => logfile
2025-01-25 18:39:56.4439 Debug Logger Microsoft.EntityFrameworkCore.Query [Info] => logfile
2025-01-25 18:39:56.4439 Debug Logger Microsoft.EntityFrameworkCore.Query [Warn] => logfile
2025-01-25 18:39:56.4439 Debug Logger Microsoft.EntityFrameworkCore.Query [Error] => logfile
2025-01-25 18:39:56.4439 Debug Logger Microsoft.EntityFrameworkCore.Query [Fatal] => logfile
2025-01-25 18:39:56.4439 Debug Targets configured when LogLevel >= Trace for Logger: Microsoft.EntityFrameworkCore.Database.Transaction
2025-01-25 18:39:56.4439 Debug Logger Microsoft.EntityFrameworkCore.Database.Transaction [Trace] => logfile
2025-01-25 18:39:56.4439 Debug Logger Microsoft.EntityFrameworkCore.Database.Transaction [Debug] => logfile
2025-01-25 18:39:56.4439 Debug Logger Microsoft.EntityFrameworkCore.Database.Transaction [Info] => logfile
2025-01-25 18:39:56.4439 Debug Logger Microsoft.EntityFrameworkCore.Database.Transaction [Warn] => logfile
2025-01-25 18:39:56.4439 Debug Logger Microsoft.EntityFrameworkCore.Database.Transaction [Error] => logfile
2025-01-25 18:39:56.4439 Debug Logger Microsoft.EntityFrameworkCore.Database.Transaction [Fatal] => logfile
2025-01-25 18:39:56.4439 Debug Targets configured when LogLevel >= Trace for Logger: Microsoft.EntityFrameworkCore.Database.Connection
2025-01-25 18:39:56.4439 Debug Logger Microsoft.EntityFrameworkCore.Database.Connection [Trace] => logfile
2025-01-25 18:39:56.4439 Debug Logger Microsoft.EntityFrameworkCore.Database.Connection [Debug] => logfile
2025-01-25 18:39:56.4439 Debug Logger Microsoft.EntityFrameworkCore.Database.Connection [Info] => logfile
2025-01-25 18:39:56.4439 Debug Logger Microsoft.EntityFrameworkCore.Database.Connection [Warn] => logfile
2025-01-25 18:39:56.4439 Debug Logger Microsoft.EntityFrameworkCore.Database.Connection [Error] => logfile
2025-01-25 18:39:56.4439 Debug Logger Microsoft.EntityFrameworkCore.Database.Connection [Fatal] => logfile
2025-01-25 18:39:56.4837 Debug Targets configured when LogLevel >= Trace for Logger: Microsoft.EntityFrameworkCore.Model
2025-01-25 18:39:56.4837 Debug Logger Microsoft.EntityFrameworkCore.Model [Trace] => logfile
2025-01-25 18:39:56.4837 Debug Logger Microsoft.EntityFrameworkCore.Model [Debug] => logfile
2025-01-25 18:39:56.4837 Debug Logger Microsoft.EntityFrameworkCore.Model [Info] => logfile
2025-01-25 18:39:56.4837 Debug Logger Microsoft.EntityFrameworkCore.Model [Warn] => logfile
2025-01-25 18:39:56.4837 Debug Logger Microsoft.EntityFrameworkCore.Model [Error] => logfile
2025-01-25 18:39:56.4837 Debug Logger Microsoft.EntityFrameworkCore.Model [Fatal] => logfile
2025-01-25 18:39:56.4837 Debug Targets configured when LogLevel >= Trace for Logger: Microsoft.EntityFrameworkCore.Model.Validation
2025-01-25 18:39:56.4837 Debug Logger Microsoft.EntityFrameworkCore.Model.Validation [Trace] => logfile
2025-01-25 18:39:56.4837 Debug Logger Microsoft.EntityFrameworkCore.Model.Validation [Debug] => logfile
2025-01-25 18:39:56.4837 Debug Logger Microsoft.EntityFrameworkCore.Model.Validation [Info] => logfile
2025-01-25 18:39:56.4837 Debug Logger Microsoft.EntityFrameworkCore.Model.Validation [Warn] => logfile
2025-01-25 18:39:56.4837 Debug Logger Microsoft.EntityFrameworkCore.Model.Validation [Error] => logfile
2025-01-25 18:39:56.4837 Debug Logger Microsoft.EntityFrameworkCore.Model.Validation [Fatal] => logfile
2025-01-25 18:39:56.8166 Debug Targets configured when LogLevel >= Trace for Logger: Microsoft.EntityFrameworkCore.Update
2025-01-25 18:39:56.8166 Debug Logger Microsoft.EntityFrameworkCore.Update [Trace] => logfile
2025-01-25 18:39:56.8166 Debug Logger Microsoft.EntityFrameworkCore.Update [Debug] => logfile
2025-01-25 18:39:56.8166 Debug Logger Microsoft.EntityFrameworkCore.Update [Info] => logfile
2025-01-25 18:39:56.8166 Debug Logger Microsoft.EntityFrameworkCore.Update [Warn] => logfile
2025-01-25 18:39:56.8166 Debug Logger Microsoft.EntityFrameworkCore.Update [Error] => logfile
2025-01-25 18:39:56.8166 Debug Logger Microsoft.EntityFrameworkCore.Update [Fatal] => logfile
2025-01-25 18:39:57.5119 Debug Targets configured when LogLevel >= Trace for Logger: Microsoft.AspNetCore.Mvc.Infrastructure.DefaultOutputFormatterSelector
2025-01-25 18:39:57.5119 Debug Logger Microsoft.AspNetCore.Mvc.Infrastructure.DefaultOutputFormatterSelector [Trace] => logfile
2025-01-25 18:39:57.5119 Debug Logger Microsoft.AspNetCore.Mvc.Infrastructure.DefaultOutputFormatterSelector [Debug] => logfile
2025-01-25 18:39:57.5119 Debug Logger Microsoft.AspNetCore.Mvc.Infrastructure.DefaultOutputFormatterSelector [Info] => logfile
2025-01-25 18:39:57.5119 Debug Logger Microsoft.AspNetCore.Mvc.Infrastructure.DefaultOutputFormatterSelector [Warn] => logfile
2025-01-25 18:39:57.5119 Debug Logger Microsoft.AspNetCore.Mvc.Infrastructure.DefaultOutputFormatterSelector [Error] => logfile
2025-01-25 18:39:57.5119 Debug Logger Microsoft.AspNetCore.Mvc.Infrastructure.DefaultOutputFormatterSelector [Fatal] => logfile
2025-01-25 18:39:57.5119 Debug Targets configured when LogLevel >= Trace for Logger: Microsoft.AspNetCore.Mvc.Infrastructure.ObjectResultExecutor
2025-01-25 18:39:57.5119 Debug Logger Microsoft.AspNetCore.Mvc.Infrastructure.ObjectResultExecutor [Trace] => logfile
2025-01-25 18:39:57.5119 Debug Logger Microsoft.AspNetCore.Mvc.Infrastructure.ObjectResultExecutor [Debug] => logfile
2025-01-25 18:39:57.5119 Debug Logger Microsoft.AspNetCore.Mvc.Infrastructure.ObjectResultExecutor [Info] => logfile
2025-01-25 18:39:57.5119 Debug Logger Microsoft.AspNetCore.Mvc.Infrastructure.ObjectResultExecutor [Warn] => logfile
2025-01-25 18:39:57.5119 Debug Logger Microsoft.AspNetCore.Mvc.Infrastructure.ObjectResultExecutor [Error] => logfile
2025-01-25 18:39:57.5119 Debug Logger Microsoft.AspNetCore.Mvc.Infrastructure.ObjectResultExecutor [Fatal] => logfile
